<?xml version="1.0" encoding="UTF-8"?>
<!-- Generated by org.testng.reporters.JUnitReportReporter -->
<testsuite hostname="DESKTOP-1QQGR0O" failures="0" tests="1" name="POM.Login_test" time="5.662" errors="0" timestamp="2022-11-09T17:32:33 AST" skipped="0">
  <testcase classname="POM.Login_test" name="f" time="5.662"/>
  <system-out/>
</testsuite> <!-- POM.Login_test -->
