<?xml version="1.0" encoding="UTF-8"?>
<!-- Generated by org.testng.reporters.JUnitReportReporter -->
<testsuite hostname="DESKTOP-1QQGR0O" failures="0" tests="1" name="POM.AddEmployee_Test" time="30.077" errors="0" timestamp="2022-10-23T16:09:16 AST" skipped="0">
  <testcase classname="POM.AddEmployee_Test" name="f" time="30.077"/>
  <system-out/>
</testsuite> <!-- POM.AddEmployee_Test -->
